Arguments: 
  /home/boozerivan/.nvm/versions/node/v13.7.0/bin/node /usr/local/bin/yarn add --dev webpack-dev-server@^3

PATH: 
  /home/boozerivan/.rbenv/versions/3.1.2/lib/ruby/gems/3.1.0/bin:/home/boozerivan/.rbenv/versions/3.1.2/bin:/home/boozerivan/.rbenv/libexec:/home/boozerivan/.rbenv/plugins/ruby-build/bin:/home/boozerivan/.rbenv/shims:/home/boozerivan/.rbenv/bin:/home/boozerivan/.local/bin:/home/boozerivan/.nvm/versions/node/v13.7.0/bin:/usr/local/sbin:/usr/local/bin:/usr/sbin:/usr/bin:/sbin:/bin:/usr/games:/usr/local/games:/snap/bin:/home/boozerivan/.rvm/bin

Yarn version: 
  1.22.19

Node version: 
  13.7.0

Platform: 
  linux x64

Trace: 
  Error: getaddrinfo EAI_AGAIN registry.yarnpkg.com
      at GetAddrInfoReqWrap.onlookup [as oncomplete] (dns.js:64:26)

npm manifest: 
  {
    "name": "l8",
    "private": true,
    "dependencies": {
      "@rails/ujs": "^6.0.0",
      "turbolinks": "^5.2.0",
      "@rails/activestorage": "^6.0.0",
      "@rails/actioncable": "^6.0.0"
    },
    "version": "0.1.0"
  }

yarn manifest: 
  No manifest

Lockfile: 
  No lockfile
